


materialPath: D:\Steam\steamapps\common\Team Fortress 2\tf\materials
Loading y:\desktop\maps\trade_ngs_day_b7d.vmf
ConVarRef mat_reduceparticles doesn't point to an existing ConVar
Patching WVT material: maps/trade_ngs_day_b7d/nature/blendgroundtograss007_nodetail_wvt_patch
Patching WVT material: maps/trade_ngs_day_b7d/nature/blendgroundtograss007_wvt_patch
Patching WVT material: maps/trade_ngs_day_b7d/nature/junglerockwallgrass001_blend_wvt_patch
Patching WVT material: maps/trade_ngs_day_b7d/nature/blendgroundtograss008_wvt_patch
Patching WVT material: maps/trade_ngs_day_b7d/swamp/concrete/blendswampconcrete001_wvt_patch
fixing up env_cubemap materials on brush sides...
0...1...2...3...4...5...6...7...8...9...100...1...2...3...4...5...6...7...8...9...10Processing areas...done (0)
Building Faces...done (0)
Chop Details...done (1)
Find Visible Detail Sides...
Merged 3656 detail faces...done (2)
Merging details...done (0)
FixTjuncs...
PruneNodes...
WriteBSP...
done (1)
writing y:\desktop\maps\trade_ngs_day_b7d.prt...Building visibility clusters...
done (1)
*** Error: Skybox vtf files for skybox/sky_trainyard_01 weren't compiled with the same size texture and/or same flags!
Can't load skybox file skybox/sky_trainyard_01 to build the default cubemap!
*** Error: Skybox vtf files for skybox/sky_trainyard_01 weren't compiled with the same size texture and/or same flags!
Can't load skybox file skybox/sky_trainyard_01 to build the default cubemap!
Finding displacement neighbors...
Finding lightmap sample positions...
Displacement Alpha : 0...1...2...3...4...5...6...7...8...9...10
Building Physics collision data...
done (2) (2783742 bytes)
Placing detail props : 0...1...2...3...4...5...6...7...8...9...10
Compacting texture/material tables...
Reduced 11933 texinfos to 7579
Reduced 511 texdatas to 451 (21429 bytes to 18561)
Writing y:\desktop\maps\trade_ngs_day_b7d.bsp
Wrote ZIP buffer, estimated size 125932, actual size 92218
22 seconds elapsed



16 threads
reading y:\desktop\maps\trade_ngs_day_b7d.bsp
reading y:\desktop\maps\trade_ngs_day_b7d.prt
 973 portalclusters
2148 numportals
0...1...2...3...4...5...6...7...8...9...100...1...2...3...4...5...6...7...8...9...10Optimized: 530 visible clusters (0.27%)
Total clusters visible: 197741
Average clusters visible: 203
Building PAS...
Average clusters audible: 428
visdatasize:148711  compressed from 249088
writing y:\desktop\maps\trade_ngs_day_b7d.bsp
2 seconds elapsed



[Reading texlights from 'lights.rad']
[56 texlights parsed from 'lights.rad']

Loading y:\desktop\maps\trade_ngs_day_b7d.bsp
Loaded alpha texture materials\models\props_foliage\pine_tree_large.vtf
Loaded alpha texture materials\models\props_foliage\tree_pine01.vtf
Loaded alpha texture materials\models\props_foliage\tree_pine01_snow.vtf
Loaded alpha texture materials\models\props_forest\shrub_03.vtf
25861 faces
8542491 square feet [1230118656.00 square inches]
176 Displacements
666736 Square Feet [96010048.00 Square Inches]
25861 patches before subdivision
488199 patches after subdivision
385 direct lights
0...1...2...3...4...5...6...7...8...9...100...1...2...3...4...5...6...7...8...9...10transfers 93688846, max 2019
transfer lists: 714.8 megs
0...1...2...3...4...5...6...7...8...9...10	Bounce #1 added RGB(2966945, 2712385, 2263799)
0...1...2...3...4...5...6...7...8...9...10	Bounce #2 added RGB(975794, 794397, 610099)
0...1...2...3...4...5...6...7...8...9...10	Bounce #3 added RGB(341922, 260919, 175900)
0...1...2...3...4...5...6...7...8...9...10	Bounce #4 added RGB(134765, 96548, 56600)
0...1...2...3...4...5...6...7...8...9...10	Bounce #5 added RGB(54552, 36723, 18824)
0...1...2...3...4...5...6...7...8...9...10	Bounce #6 added RGB(23019, 14568, 6501)
0...1...2...3...4...5...6...7...8...9...10	Bounce #7 added RGB(9908, 5904, 2301)
0...1...2...3...4...5...6...7...8...9...10	Bounce #8 added RGB(4370, 2453, 833)
0...1...2...3...4...5...6...7...8...9...10	Bounce #9 added RGB(1955, 1035, 307)
0...1...2...3...4...5...6...7...8...9...10	Bounce #10 added RGB(890, 445, 115)
0...1...2...3...4...5...6...7...8...9...10	Bounce #11 added RGB(409, 193, 44)
0...1...2...3...4...5...6...7...8...9...10	Bounce #12 added RGB(191, 85, 17)
0...1...2...3...4...5...6...7...8...9...10	Bounce #13 added RGB(90, 38, 7)
0...1...2...3...4...5...6...7...8...9...10	Bounce #14 added RGB(43, 17, 3)
0...1...2...3...4...5...6...7...8...9...10	Bounce #15 added RGB(20, 8, 1)
0...1...2...3...4...5...6...7...8...9...10	Bounce #16 added RGB(10, 3, 0)
0...1...2...3...4...5...6...7...8...9...10	Bounce #17 added RGB(5, 2, 0)
0...1...2...3...4...5...6...7...8...9...10	Bounce #18 added RGB(2, 1, 0)
0...1...2...3...4...5...6...7...8...9...10	Bounce #19 added RGB(1, 0, 0)
0...1...2...3...4...5...6...7...8...9...10	Bounce #20 added RGB(1, 0, 0)
Build Patch/Sample Hash Table(s).....Done<0.1696 sec>
0...1...2...3...4...5...6...7...8...9...10FinalLightFace Done
Computing detail prop lighting : 0...1...2...3...4...5...6...7...8...9...10
0 of 0 (0% of) surface lights went in leaf ambient cubes.
0...1...2...3...4...5...6...7...8...9...10Writing leaf ambient...done
Computing static prop lighting : 00...1...2...3...4...5...6...7...8...9...10
Ready to Finish

Object names       Objects/Maxobjs  Memory / Maxmem  Fullness 
------------       ---------------  ---------------  -------- 
models                 211/1024        10128/49152    (20.6%) 
brushes               7168/8192        86016/98304    (87.5%) VERY FULL!
brushsides           64602/65536      516816/524288   (98.6%) VERY FULL!
planes               43158/65536      863160/1310720  (65.9%) 
vertexes             48439/65536      581268/786432   (73.9%) 
nodes                 7472/65536      239104/2097152  (11.4%) 
texinfos              7579/12288      545688/884736   (61.7%) 
texdata                451/2048        14432/65536    (22.0%) 
dispinfos              176/0           30976/0        ( 0.0%) 
disp_verts           14256/0          285120/0        ( 0.0%) 
disp_tris            22528/0           45056/0        ( 0.0%) 
disp_lmsamples     1538552/0         1538552/0        ( 0.0%) 
faces                25861/65536     1448216/3670016  (39.5%) 
hdr faces                0/65536           0/3670016  ( 0.0%) 
origfaces            18326/65536     1026256/3670016  (28.0%) 
leaves                7684/65536      245888/2097152  (11.7%) 
leaffaces            30741/65536       61482/131072   (46.9%) 
leafbrushes          13546/65536       27092/131072   (20.7%) 
areas                   37/256           296/2048     (14.5%) 
surfedges           200866/512000     803464/2048000  (39.2%) 
edges               128761/256000     515044/1024000  (50.3%) 
LDR worldlights        385/8192        33880/720896   ( 4.7%) 
HDR worldlights          0/8192            0/720896   ( 0.0%) 
leafwaterdata            4/32768          48/393216   ( 0.0%) 
waterstrips           2794/32768       27940/327680   ( 8.5%) 
waterverts               0/65536           0/786432   ( 0.0%) 
waterindices         61383/65536      122766/131072   (93.7%) VERY FULL!
cubemapsamples          81/1024         1296/16384    ( 7.9%) 
overlays               242/512         85184/180224   (47.3%) 
LDR lightdata         [variable]    30611976/0        ( 0.0%) 
HDR lightdata         [variable]           0/0        ( 0.0%) 
visdata               [variable]      148711/16777216 ( 0.9%) 
entdata               [variable]      356069/393216   (90.6%) VERY FULL!
LDR ambient table     7684/65536       30736/262144   (11.7%) 
HDR ambient table     7684/65536       30736/262144   (11.7%) 
LDR leaf ambient     17810/65536      498680/1835008  (27.2%) 
HDR leaf ambient      7684/65536      215152/1835008  (11.7%) 
occluders                0/0               0/0        ( 0.0%) 
occluder polygons        0/0               0/0        ( 0.0%) 
occluder vert ind        0/0               0/0        ( 0.0%) 
detail props          [variable]           1/386616   ( 0.0%) 
dtl prp lght          [variable]           1/4        (25.0%) 
HDR dtl prp lght      [variable]           1/4        (25.0%) 
static props          [variable]           1/211020   ( 0.0%) 
pakfile               [variable]    13081672/0        ( 0.0%) 
physics               [variable]     2783742/4194304  (66.4%) 
physics terrain       [variable]       76544/1048576  ( 7.3%) 

Level flags = 1

Total triangle count: 74662
Writing y:\desktop\maps\trade_ngs_day_b7d.bsp
27 minutes, 4 seconds elapsed



[Reading texlights from 'lights.rad']
[56 texlights parsed from 'lights.rad']

Loading y:\desktop\maps\trade_ngs_day_b7d.bsp
Loaded alpha texture materials\models\props_foliage\pine_tree_large.vtf
Loaded alpha texture materials\models\props_foliage\tree_pine01.vtf
Loaded alpha texture materials\models\props_foliage\tree_pine01_snow.vtf
Loaded alpha texture materials\models\props_forest\shrub_03.vtf
25861 faces
8542491 square feet [1230118656.00 square inches]
176 Displacements
666736 Square Feet [96010048.00 Square Inches]
25861 patches before subdivision
488199 patches after subdivision
385 direct lights
0...1...2...3...4...5...6...7...8...9...100...1...2...3...4...5...6...7...8...9...10transfers 93688846, max 2019
transfer lists: 714.8 megs
0...1...2...3...4...5...6...7...8...9...10	Bounce #1 added RGB(1873328, 1735862, 1322950)
0...1...2...3...4...5...6...7...8...9...10	Bounce #2 added RGB(633014, 506049, 367434)
0...1...2...3...4...5...6...7...8...9...10	Bounce #3 added RGB(224871, 167957, 106560)
0...1...2...3...4...5...6...7...8...9...10	Bounce #4 added RGB(88488, 61882, 34083)
0...1...2...3...4...5...6...7...8...9...10	Bounce #5 added RGB(35817, 23452, 11252)
0...1...2...3...4...5...6...7...8...9...10	Bounce #6 added RGB(15081, 9255, 3858)
0...1...2...3...4...5...6...7...8...9...10	Bounce #7 added RGB(6489, 3737, 1357)
0...1...2...3...4...5...6...7...8...9...10	Bounce #8 added RGB(2861, 1548, 489)
0...1...2...3...4...5...6...7...8...9...10	Bounce #9 added RGB(1282, 652, 180)
0...1...2...3...4...5...6...7...8...9...10	Bounce #10 added RGB(585, 280, 67)
0...1...2...3...4...5...6...7...8...9...10	Bounce #11 added RGB(270, 122, 26)
0...1...2...3...4...5...6...7...8...9...10	Bounce #12 added RGB(126, 54, 10)
0...1...2...3...4...5...6...7...8...9...10	Bounce #13 added RGB(60, 24, 4)
0...1...2...3...4...5...6...7...8...9...10	Bounce #14 added RGB(28, 11, 2)
0...1...2...3...4...5...6...7...8...9...10	Bounce #15 added RGB(14, 5, 1)
0...1...2...3...4...5...6...7...8...9...10	Bounce #16 added RGB(7, 2, 0)
0...1...2...3...4...5...6...7...8...9...10	Bounce #17 added RGB(3, 1, 0)
0...1...2...3...4...5...6...7...8...9...10	Bounce #18 added RGB(2, 0, 0)
0...1...2...3...4...5...6...7...8...9...10	Bounce #19 added RGB(1, 0, 0)
Build Patch/Sample Hash Table(s).....Done<0.1750 sec>
0...1...2...3...4...5...6...7...8...9...10FinalLightFace Done
Computing detail prop lighting : 0...1...2...3...4...5...6...7...8...9...10
0 of 0 (0% of) surface lights went in leaf ambient cubes.
0...1...2...3...4...5...6...7...8...9...10Writing leaf ambient...done
Computing static prop lighting : 00...1...2...3...4...5...6...7...8...9...10
Ready to Finish

Object names       Objects/Maxobjs  Memory / Maxmem  Fullness 
------------       ---------------  ---------------  -------- 
models                 211/1024        10128/49152    (20.6%) 
brushes               7168/8192        86016/98304    (87.5%) VERY FULL!
brushsides           64602/65536      516816/524288   (98.6%) VERY FULL!
planes               43158/65536      863160/1310720  (65.9%) 
vertexes             48439/65536      581268/786432   (73.9%) 
nodes                 7472/65536      239104/2097152  (11.4%) 
texinfos              7579/12288      545688/884736   (61.7%) 
texdata                451/2048        14432/65536    (22.0%) 
dispinfos              176/0           30976/0        ( 0.0%) 
disp_verts           14256/0          285120/0        ( 0.0%) 
disp_tris            22528/0           45056/0        ( 0.0%) 
disp_lmsamples     1538552/0         1538552/0        ( 0.0%) 
faces                25861/65536     1448216/3670016  (39.5%) 
hdr faces            25861/65536     1448216/3670016  (39.5%) 
origfaces            18326/65536     1026256/3670016  (28.0%) 
leaves                7684/65536      245888/2097152  (11.7%) 
leaffaces            30741/65536       61482/131072   (46.9%) 
leafbrushes          13546/65536       27092/131072   (20.7%) 
areas                   37/256           296/2048     (14.5%) 
surfedges           200866/512000     803464/2048000  (39.2%) 
edges               128761/256000     515044/1024000  (50.3%) 
LDR worldlights        385/8192        33880/720896   ( 4.7%) 
HDR worldlights        385/8192        33880/720896   ( 4.7%) 
leafwaterdata            4/32768          48/393216   ( 0.0%) 
waterstrips           2794/32768       27940/327680   ( 8.5%) 
waterverts               0/65536           0/786432   ( 0.0%) 
waterindices         61383/65536      122766/131072   (93.7%) VERY FULL!
cubemapsamples          81/1024         1296/16384    ( 7.9%) 
overlays               242/512         85184/180224   (47.3%) 
LDR lightdata         [variable]    30611976/0        ( 0.0%) 
HDR lightdata         [variable]    30611976/0        ( 0.0%) 
visdata               [variable]      148711/16777216 ( 0.9%) 
entdata               [variable]      356069/393216   (90.6%) VERY FULL!
LDR ambient table     7684/65536       30736/262144   (11.7%) 
HDR ambient table     7684/65536       30736/262144   (11.7%) 
LDR leaf ambient     17810/65536      498680/1835008  (27.2%) 
HDR leaf ambient     17682/65536      495096/1835008  (27.0%) 
occluders                0/0               0/0        ( 0.0%) 
occluder polygons        0/0               0/0        ( 0.0%) 
occluder vert ind        0/0               0/0        ( 0.0%) 
detail props          [variable]           1/386616   ( 0.0%) 
dtl prp lght          [variable]           1/4        (25.0%) 
HDR dtl prp lght      [variable]           1/4        (25.0%) 
static props          [variable]           1/211020   ( 0.0%) 
pakfile               [variable]    26089406/0        ( 0.0%) 
physics               [variable]     2783742/4194304  (66.4%) 
physics terrain       [variable]       76544/1048576  ( 7.3%) 

Level flags = 3

Total triangle count: 74662
Writing y:\desktop\maps\trade_ngs_day_b7d.bsp
27 minutes, 52 seconds elapsed



materialPath: D:\Steam\steamapps\common\Team Fortress 2\tf\materials
Loading y:\desktop\maps\trade_ngs_day_b7d.vmf
ConVarRef mat_reduceparticles doesn't point to an existing ConVar
Patching WVT material: maps/trade_ngs_day_b7d/nature/blendgroundtograss007_wvt_patch
Patching WVT material: maps/trade_ngs_day_b7d/nature/blendgroundtograss007_nodetail_wvt_patch
Patching WVT material: maps/trade_ngs_day_b7d/nature/junglerockwallgrass001_blend_wvt_patch
Patching WVT material: maps/trade_ngs_day_b7d/nature/blendgroundtograss008_wvt_patch
fixing up env_cubemap materials on brush sides...
0...1...2...3...4...5...6...7...8...9...100...1...2...3...4...5...6...7...8...9...10Processing areas...done (0)
Building Faces...done (0)
Chop Details...done (0)
Find Visible Detail Sides...
Merged 3648 detail faces...done (1)
Merging details...done (0)
FixTjuncs...
PruneNodes...
WriteBSP...
done (2)
writing y:\desktop\maps\trade_ngs_day_b7d.prt...Building visibility clusters...
done (0)
*** Error: Skybox vtf files for skybox/sky_trainyard_01 weren't compiled with the same size texture and/or same flags!
Can't load skybox file skybox/sky_trainyard_01 to build the default cubemap!
*** Error: Skybox vtf files for skybox/sky_trainyard_01 weren't compiled with the same size texture and/or same flags!
Can't load skybox file skybox/sky_trainyard_01 to build the default cubemap!
Finding displacement neighbors...
Finding lightmap sample positions...
Displacement Alpha : 0...1...2...3...4...5...6...7...8...9...10
Building Physics collision data...
done (1) (2628082 bytes)
Static prop models/props_skybox/skycards_forest128bump.mdl outside the map (-10164.00, 2072.00, 868.00)
Static prop models/props_skybox/skycards_forest512bump.mdl outside the map (-10114.00, 2178.00, 900.00)
Static prop models/props_skybox/skycards_forest512bump.mdl outside the map (-10118.00, 2322.00, 992.00)
Static prop models/props_skybox/skycards_forest512bump.mdl outside the map (-9816.00, 2074.00, 952.00)
Static prop models/props_skybox/skycards_forest512bump.mdl outside the map (-9684.00, 1840.00, 946.00)
Static prop models/props_skybox/skycards_forest512bump.mdl outside the map (-9684.00, 1712.00, 946.00)
Static prop models/props_skybox/skycards_forest512bump.mdl outside the map (-9818.00, 1478.00, 964.00)
Static prop models/props_skybox/skycards_forest512bump.mdl outside the map (-9838.00, 1620.00, 898.00)
Static prop models/props_skybox/skycards_forest512bump.mdl outside the map (-9844.00, 1944.00, 902.00)
Static prop models/props_forest/rock003.mdl outside the map (-10118.00, 2008.00, 594.00)
Static prop models/props_forest/rock001.mdl outside the map (-9894.00, 1720.00, 622.00)
Static prop models/props_skybox/skybox_dome03_front.mdl outside the map (-10080.00, 1742.00, 1040.00)
Placing detail props : 0...1...2...3...4...5...6...7...8...9...10
Water found with no water_lod_control entity, creating a default one.
Compacting texture/material tables...
Reduced 11223 texinfos to 7269
Reduced 490 texdatas to 434 (20228 bytes to 17623)
Writing y:\desktop\maps\trade_ngs_day_b7d.bsp
Wrote ZIP buffer, estimated size 117750, actual size 86180
20 seconds elapsed



16 threads
reading y:\desktop\maps\trade_ngs_day_b7d.bsp
reading y:\desktop\maps\trade_ngs_day_b7d.prt
 937 portalclusters
2088 numportals
0...1...2...3...4...5...6...7...8...9...100...1...2...3...4...5...6...7...8...9...10Optimized: 530 visible clusters (0.27%)
Total clusters visible: 196445
Average clusters visible: 209
Building PAS...
Average clusters audible: 443
visdatasize:148593  compressed from 224880
writing y:\desktop\maps\trade_ngs_day_b7d.bsp
2 seconds elapsed



[Reading texlights from 'lights.rad']
[56 texlights parsed from 'lights.rad']

Loading y:\desktop\maps\trade_ngs_day_b7d.bsp
Loaded alpha texture materials\models\props_foliage\pine_tree_large.vtf
Loaded alpha texture materials\models\props_foliage\tree_pine01.vtf
Loaded alpha texture materials\models\props_foliage\tree_pine01_snow.vtf
Loaded alpha texture materials\models\props_forest\shrub_03.vtf
23621 faces
7030619 square feet [1012409216.00 square inches]
123 Displacements
553114 Square Feet [79648440.00 Square Inches]
23621 patches before subdivision
370881 patches after subdivision
355 direct lights
0...1...2...3...4...5...6...7...8...9...100...1...2...3...4...5...6...7...8...9...10transfers 69495581, max 2019
transfer lists: 530.2 megs
0...1...2...3...4...5...6...7...8...9...10	Bounce #1 added RGB(1221784, 1009372, 814674)
0...1...2...3...4...5...6...7...8...9...10	Bounce #2 added RGB(437788, 339805, 240568)
0...1...2...3...4...5...6...7...8...9...10	Bounce #3 added RGB(159388, 115156, 70746)
0...1...2...3...4...5...6...7...8...9...10	Bounce #4 added RGB(62707, 42222, 22465)
0...1...2...3...4...5...6...7...8...9...10	Bounce #5 added RGB(25413, 15931, 7346)
0...1...2...3...4...5...6...7...8...9...10	Bounce #6 added RGB(10655, 6229, 2490)
0...1...2...3...4...5...6...7...8...9...10	Bounce #7 added RGB(4574, 2498, 867)
0...1...2...3...4...5...6...7...8...9...10	Bounce #8 added RGB(2009, 1027, 310)
0...1...2...3...4...5...6...7...8...9...10	Bounce #9 added RGB(898, 430, 113)
0...1...2...3...4...5...6...7...8...9...10	Bounce #10 added RGB(409, 184, 42)
0...1...2...3...4...5...6...7...8...9...10	Bounce #11 added RGB(189, 80, 16)
0...1...2...3...4...5...6...7...8...9...10	Bounce #12 added RGB(88, 35, 6)
0...1...2...3...4...5...6...7...8...9...10	Bounce #13 added RGB(42, 16, 2)
0...1...2...3...4...5...6...7...8...9...10	Bounce #14 added RGB(20, 7, 1)
0...1...2...3...4...5...6...7...8...9...10	Bounce #15 added RGB(10, 3, 0)
0...1...2...3...4...5...6...7...8...9...10	Bounce #16 added RGB(5, 1, 0)
0...1...2...3...4...5...6...7...8...9...10	Bounce #17 added RGB(2, 1, 0)
0...1...2...3...4...5...6...7...8...9...10	Bounce #18 added RGB(1, 0, 0)
0...1...2...3...4...5...6...7...8...9...10	Bounce #19 added RGB(1, 0, 0)
Build Patch/Sample Hash Table(s).....Done<0.1176 sec>
0...1...2...3...4...5...6...7...8...9...10FinalLightFace Done
Computing detail prop lighting : 0...1...2...3...4...5...6...7...8...9...10
0 of 0 (0% of) surface lights went in leaf ambient cubes.
0...1...2...3...4...5...6...7...8...9...10Writing leaf ambient...done
Computing static prop lighting : 00...1...2...3...4...5...6...7...8...9...10
Ready to Finish

Object names       Objects/Maxobjs  Memory / Maxmem  Fullness 
------------       ---------------  ---------------  -------- 
models                 208/1024         9984/49152    (20.3%) 
brushes               6742/8192        80904/98304    (82.3%) VERY FULL!
brushsides           58635/65536      469080/524288   (89.5%) VERY FULL!
planes               36032/65536      720640/1310720  (55.0%) 
vertexes             45117/65536      541404/786432   (68.8%) 
nodes                 6005/65536      192160/2097152  ( 9.2%) 
texinfos              7269/12288      523368/884736   (59.2%) 
texdata                434/2048        13888/65536    (21.2%) 
dispinfos              123/0           21648/0        ( 0.0%) 
disp_verts            9963/0          199260/0        ( 0.0%) 
disp_tris            15744/0           31488/0        ( 0.0%) 
disp_lmsamples     1278488/0         1278488/0        ( 0.0%) 
faces                23621/65536     1322776/3670016  (36.0%) 
hdr faces                0/65536           0/3670016  ( 0.0%) 
origfaces            17528/65536      981568/3670016  (26.7%) 
leaves                6214/65536      198848/2097152  ( 9.5%) 
leaffaces            28277/65536       56554/131072   (43.1%) 
leafbrushes          12166/65536       24332/131072   (18.6%) 
areas                   36/256           288/2048     (14.1%) 
surfedges           188267/512000     753068/2048000  (36.8%) 
edges               121377/256000     485508/1024000  (47.4%) 
LDR worldlights        355/8192        31240/720896   ( 4.3%) 
HDR worldlights          0/8192            0/720896   ( 0.0%) 
leafwaterdata            3/32768          36/393216   ( 0.0%) 
waterstrips           2742/32768       27420/327680   ( 8.4%) 
waterverts               0/65536           0/786432   ( 0.0%) 
waterindices         60675/65536      121350/131072   (92.6%) VERY FULL!
cubemapsamples          77/1024         1232/16384    ( 7.5%) 
overlays               242/512         85184/180224   (47.3%) 
LDR lightdata         [variable]    22915112/0        ( 0.0%) 
HDR lightdata         [variable]           0/0        ( 0.0%) 
visdata               [variable]      148593/16777216 ( 0.9%) 
entdata               [variable]      337247/393216   (85.8%) VERY FULL!
LDR ambient table     6214/65536       24856/262144   ( 9.5%) 
HDR ambient table     6214/65536       24856/262144   ( 9.5%) 
LDR leaf ambient     12235/65536      342580/1835008  (18.7%) 
HDR leaf ambient      6214/65536      173992/1835008  ( 9.5%) 
occluders                0/0               0/0        ( 0.0%) 
occluder polygons        0/0               0/0        ( 0.0%) 
occluder vert ind        0/0               0/0        ( 0.0%) 
detail props          [variable]           1/386616   ( 0.0%) 
dtl prp lght          [variable]           1/4        (25.0%) 
HDR dtl prp lght      [variable]           1/4        (25.0%) 
static props          [variable]           1/198800   ( 0.0%) 
pakfile               [variable]    12552136/0        ( 0.0%) 
physics               [variable]     2628082/4194304  (62.7%) 
physics terrain       [variable]       56403/1048576  ( 5.4%) 

Level flags = 1

Total triangle count: 69645
Writing y:\desktop\maps\trade_ngs_day_b7d.bsp
10 minutes, 17 seconds elapsed



[Reading texlights from 'lights.rad']
[56 texlights parsed from 'lights.rad']

Loading y:\desktop\maps\trade_ngs_day_b7d.bsp
Loaded alpha texture materials\models\props_foliage\pine_tree_large.vtf
Loaded alpha texture materials\models\props_foliage\tree_pine01.vtf
Loaded alpha texture materials\models\props_foliage\tree_pine01_snow.vtf
Loaded alpha texture materials\models\props_forest\shrub_03.vtf
23621 faces
7030619 square feet [1012409216.00 square inches]
123 Displacements
553114 Square Feet [79648440.00 Square Inches]
23621 patches before subdivision
370881 patches after subdivision
355 direct lights
0...1...2...3...4...5...6...7...8...9...100...1...2...3...4...5...6...7...8...9...10transfers 69495581, max 2019
transfer lists: 530.2 megs
0...1...2...3...4...5...6...7...8...9...10	Bounce #1 added RGB(1167146, 974172, 792451)
0...1...2...3...4...5...6...7...8...9...10	Bounce #2 added RGB(419302, 328233, 233748)
0...1...2...3...4...5...6...7...8...9...10	Bounce #3 added RGB(152688, 111208, 68673)
0...1...2...3...4...5...6...7...8...9...10	Bounce #4 added RGB(60042, 40751, 21784)
0...1...2...3...4...5...6...7...8...9...10	Bounce #5 added RGB(24349, 15387, 7125)
0...1...2...3...4...5...6...7...8...9...10	Bounce #6 added RGB(10223, 6025, 2417)
0...1...2...3...4...5...6...7...8...9...10	Bounce #7 added RGB(4400, 2421, 843)
0...1...2...3...4...5...6...7...8...9...10	Bounce #8 added RGB(1937, 997, 302)
0...1...2...3...4...5...6...7...8...9...10	Bounce #9 added RGB(869, 419, 110)
0...1...2...3...4...5...6...7...8...9...10	Bounce #10 added RGB(397, 180, 41)
0...1...2...3...4...5...6...7...8...9...10	Bounce #11 added RGB(184, 78, 16)
0...1...2...3...4...5...6...7...8...9...10	Bounce #12 added RGB(86, 35, 6)
0...1...2...3...4...5...6...7...8...9...10	Bounce #13 added RGB(41, 15, 2)
0...1...2...3...4...5...6...7...8...9...10	Bounce #14 added RGB(20, 7, 1)
0...1...2...3...4...5...6...7...8...9...10	Bounce #15 added RGB(10, 3, 0)
0...1...2...3...4...5...6...7...8...9...10	Bounce #16 added RGB(5, 1, 0)
0...1...2...3...4...5...6...7...8...9...10	Bounce #17 added RGB(2, 1, 0)
0...1...2...3...4...5...6...7...8...9...10	Bounce #18 added RGB(1, 0, 0)
0...1...2...3...4...5...6...7...8...9...10	Bounce #19 added RGB(1, 0, 0)
Build Patch/Sample Hash Table(s).....Done<0.1138 sec>
0...1...2...3...4...5...6...7...8...9...10FinalLightFace Done
Computing detail prop lighting : 0...1...2...3...4...5...6...7...8...9...10
0 of 0 (0% of) surface lights went in leaf ambient cubes.
0...1...2...3...4...5...6...7...8...9...10Writing leaf ambient...done
Computing static prop lighting : 00...1...2...3...4...5...6...7...8...9...10
Ready to Finish

Object names       Objects/Maxobjs  Memory / Maxmem  Fullness 
------------       ---------------  ---------------  -------- 
models                 208/1024         9984/49152    (20.3%) 
brushes               6742/8192        80904/98304    (82.3%) VERY FULL!
brushsides           58635/65536      469080/524288   (89.5%) VERY FULL!
planes               36032/65536      720640/1310720  (55.0%) 
vertexes             45117/65536      541404/786432   (68.8%) 
nodes                 6005/65536      192160/2097152  ( 9.2%) 
texinfos              7269/12288      523368/884736   (59.2%) 
texdata                434/2048        13888/65536    (21.2%) 
dispinfos              123/0           21648/0        ( 0.0%) 
disp_verts            9963/0          199260/0        ( 0.0%) 
disp_tris            15744/0           31488/0        ( 0.0%) 
disp_lmsamples     1278488/0         1278488/0        ( 0.0%) 
faces                23621/65536     1322776/3670016  (36.0%) 
hdr faces            23621/65536     1322776/3670016  (36.0%) 
origfaces            17528/65536      981568/3670016  (26.7%) 
leaves                6214/65536      198848/2097152  ( 9.5%) 
leaffaces            28277/65536       56554/131072   (43.1%) 
leafbrushes          12166/65536       24332/131072   (18.6%) 
areas                   36/256           288/2048     (14.1%) 
surfedges           188267/512000     753068/2048000  (36.8%) 
edges               121377/256000     485508/1024000  (47.4%) 
LDR worldlights        355/8192        31240/720896   ( 4.3%) 
HDR worldlights        355/8192        31240/720896   ( 4.3%) 
leafwaterdata            3/32768          36/393216   ( 0.0%) 
waterstrips           2742/32768       27420/327680   ( 8.4%) 
waterverts               0/65536           0/786432   ( 0.0%) 
waterindices         60675/65536      121350/131072   (92.6%) VERY FULL!
cubemapsamples          77/1024         1232/16384    ( 7.5%) 
overlays               242/512         85184/180224   (47.3%) 
LDR lightdata         [variable]    22915112/0        ( 0.0%) 
HDR lightdata         [variable]    22915112/0        ( 0.0%) 
visdata               [variable]      148593/16777216 ( 0.9%) 
entdata               [variable]      337247/393216   (85.8%) VERY FULL!
LDR ambient table     6214/65536       24856/262144   ( 9.5%) 
HDR ambient table     6214/65536       24856/262144   ( 9.5%) 
LDR leaf ambient     12235/65536      342580/1835008  (18.7%) 
HDR leaf ambient     12124/65536      339472/1835008  (18.5%) 
occluders                0/0               0/0        ( 0.0%) 
occluder polygons        0/0               0/0        ( 0.0%) 
occluder vert ind        0/0               0/0        ( 0.0%) 
detail props          [variable]           1/386616   ( 0.0%) 
dtl prp lght          [variable]           1/4        (25.0%) 
HDR dtl prp lght      [variable]           1/4        (25.0%) 
static props          [variable]           1/198800   ( 0.0%) 
pakfile               [variable]    25035308/0        ( 0.0%) 
physics               [variable]     2628082/4194304  (62.7%) 
physics terrain       [variable]       56403/1048576  ( 5.4%) 

Level flags = 3

Total triangle count: 69645
Writing y:\desktop\maps\trade_ngs_day_b7d.bsp
10 minutes, 23 seconds elapsed



materialPath: D:\Steam\steamapps\common\Team Fortress 2\tf\materials
Loading y:\desktop\maps\trade_ngs_day_b7d.vmf
ConVarRef mat_reduceparticles doesn't point to an existing ConVar
Patching WVT material: maps/trade_ngs_day_b7d/nature/blendgroundtograss007_nodetail_wvt_patch
Patching WVT material: maps/trade_ngs_day_b7d/nature/blendgroundtograss007_wvt_patch
Patching WVT material: maps/trade_ngs_day_b7d/nature/junglerockwallgrass001_blend_wvt_patch
Patching WVT material: maps/trade_ngs_day_b7d/nature/blendgroundtograss008_wvt_patch
fixing up env_cubemap materials on brush sides...
0...1...2...3...4...5...6...7...8...9...100...1...2...3...4...5...6...7...8...9...10Processing areas...done (0)
Building Faces...done (0)
Chop Details...done (1)
Find Visible Detail Sides...
Merged 3648 detail faces...done (2)
Merging details...done (0)
FixTjuncs...
PruneNodes...
WriteBSP...
done (1)
writing y:\desktop\maps\trade_ngs_day_b7d.prt...Building visibility clusters...
done (1)
*** Error: Skybox vtf files for skybox/sky_trainyard_01 weren't compiled with the same size texture and/or same flags!
Can't load skybox file skybox/sky_trainyard_01 to build the default cubemap!
*** Error: Skybox vtf files for skybox/sky_trainyard_01 weren't compiled with the same size texture and/or same flags!
Can't load skybox file skybox/sky_trainyard_01 to build the default cubemap!
Finding displacement neighbors...
Finding lightmap sample positions...
Displacement Alpha : 0...1...2...3...4...5...6...7...8...9...10
Building Physics collision data...
done (2) (2699552 bytes)
Placing detail props : 0...1...2...3...4...5...6...7...8...9...10
Compacting texture/material tables...
Reduced 11777 texinfos to 7516
Reduced 499 texdatas to 442 (20781 bytes to 18074)
Writing y:\desktop\maps\trade_ngs_day_b7d.bsp
Wrote ZIP buffer, estimated size 121788, actual size 89146
22 seconds elapsed



16 threads
reading y:\desktop\maps\trade_ngs_day_b7d.bsp
reading y:\desktop\maps\trade_ngs_day_b7d.prt
 942 portalclusters
2103 numportals
0...1...2...3...4...5...6...7...8...9...100...1...2...3...4...5...6...7...8...9...10Optimized: 529 visible clusters (0.27%)
Total clusters visible: 196665
Average clusters visible: 208
Building PAS...
Average clusters audible: 442
visdatasize:150323  compressed from 226080
writing y:\desktop\maps\trade_ngs_day_b7d.bsp
2 seconds elapsed



[Reading texlights from 'lights.rad']
[56 texlights parsed from 'lights.rad']

Loading y:\desktop\maps\trade_ngs_day_b7d.bsp
Loaded alpha texture materials\models\props_foliage\pine_tree_large.vtf
Loaded alpha texture materials\models\props_foliage\tree_pine01.vtf
Loaded alpha texture materials\models\props_foliage\tree_pine01_snow.vtf
Loaded alpha texture materials\models\props_forest\shrub_03.vtf
24816 faces
7721203 square feet [1111853312.00 square inches]
175 Displacements
644436 Square Feet [92798784.00 Square Inches]
24816 patches before subdivision
410594 patches after subdivision
355 direct lights
0...1...2...3...4...5...6...7...8...9...100...1...2...3...4...5...6...7...8...9...10transfers 69665954, max 2019
transfer lists: 531.5 megs
0...1...2...3...4...5...6...7...8...9...10	Bounce #1 added RGB(2940558, 2552138, 2250634)
0...1...2...3...4...5...6...7...8...9...10	Bounce #2 added RGB(974270, 793666, 609845)
0...1...2...3...4...5...6...7...8...9...10	Bounce #3 added RGB(341479, 260748, 175834)
0...1...2...3...4...5...6...7...8...9...10	Bounce #4 added RGB(134630, 96503, 56583)
0...1...2...3...4...5...6...7...8...9...10	Bounce #5 added RGB(54512, 36711, 18820)
0...1...2...3...4...5...6...7...8...9...10	Bounce #6 added RGB(23007, 14565, 6500)
0...1...2...3...4...5...6...7...8...9...10	Bounce #7 added RGB(9904, 5903, 2301)
0...1...2...3...4...5...6...7...8...9...10	Bounce #8 added RGB(4368, 2453, 833)
0...1...2...3...4...5...6...7...8...9...10	Bounce #9 added RGB(1954, 1035, 307)
0...1...2...3...4...5...6...7...8...9...10	Bounce #10 added RGB(890, 445, 115)
0...1...2...3...4...5...6...7...8...9...10	Bounce #11 added RGB(409, 193, 44)
0...1...2...3...4...5...6...7...8...9...10	Bounce #12 added RGB(191, 85, 17)
0...1...2...3...4...5...6...7...8...9...10	Bounce #13 added RGB(90, 38, 7)
0...1...2...3...4...5...6...7...8...9...10	Bounce #14 added RGB(43, 17, 3)
0...1...2...3...4...5...6...7...8...9...10	Bounce #15 added RGB(20, 8, 1)
0...1...2...3...4...5...6...7...8...9...10	Bounce #16 added RGB(10, 3, 0)
0...1...2...3...4...5...6...7...8...9...10	Bounce #17 added RGB(5, 2, 0)
0...1...2...3...4...5...6...7...8...9...10	Bounce #18 added RGB(2, 1, 0)
0...1...2...3...4...5...6...7...8...9...10	Bounce #19 added RGB(1, 0, 0)
0...1...2...3...4...5...6...7...8...9...10	Bounce #20 added RGB(1, 0, 0)
Build Patch/Sample Hash Table(s).....Done<0.1274 sec>
0...1...2...3...4...5...6...7...8...9...10FinalLightFace Done
Computing detail prop lighting : 0...1...2...3...4...5...6...7...8...9...10
0 of 0 (0% of) surface lights went in leaf ambient cubes.
0...1...2...3...4...5...6...7...8...9...10Writing leaf ambient...done
Computing static prop lighting : 00...1...2...3...4...5...6...7...8...9...10
Ready to Finish

Object names       Objects/Maxobjs  Memory / Maxmem  Fullness 
------------       ---------------  ---------------  -------- 
models                 211/1024        10128/49152    (20.6%) 
brushes               6911/8192        82932/98304    (84.4%) VERY FULL!
brushsides           60713/65536      485704/524288   (92.6%) VERY FULL!
planes               37292/65536      745840/1310720  (56.9%) 
vertexes             46582/65536      558984/786432   (71.1%) 
nodes                 6986/65536      223552/2097152  (10.7%) 
texinfos              7516/12288      541152/884736   (61.2%) 
texdata                442/2048        14144/65536    (21.6%) 
dispinfos              175/0           30800/0        ( 0.0%) 
disp_verts           14175/0          283500/0        ( 0.0%) 
disp_tris            22400/0           44800/0        ( 0.0%) 
disp_lmsamples     1486568/0         1486568/0        ( 0.0%) 
faces                24816/65536     1389696/3670016  (37.9%) 
hdr faces                0/65536           0/3670016  ( 0.0%) 
origfaces            18052/65536     1010912/3670016  (27.5%) 
leaves                7198/65536      230336/2097152  (11.0%) 
leaffaces            29576/65536       59152/131072   (45.1%) 
leafbrushes          12847/65536       25694/131072   (19.6%) 
areas                   36/256           288/2048     (14.1%) 
surfedges           195693/512000     782772/2048000  (38.2%) 
edges               125781/256000     503124/1024000  (49.1%) 
LDR worldlights        355/8192        31240/720896   ( 4.3%) 
HDR worldlights          0/8192            0/720896   ( 0.0%) 
leafwaterdata            4/32768          48/393216   ( 0.0%) 
waterstrips           2765/32768       27650/327680   ( 8.4%) 
waterverts               0/65536           0/786432   ( 0.0%) 
waterindices         61008/65536      122016/131072   (93.1%) VERY FULL!
cubemapsamples          78/1024         1248/16384    ( 7.6%) 
overlays               242/512         85184/180224   (47.3%) 
LDR lightdata         [variable]    27722476/0        ( 0.0%) 
HDR lightdata         [variable]           0/0        ( 0.0%) 
visdata               [variable]      150323/16777216 ( 0.9%) 
entdata               [variable]      339527/393216   (86.3%) VERY FULL!
LDR ambient table     7198/65536       28792/262144   (11.0%) 
HDR ambient table     7198/65536       28792/262144   (11.0%) 
LDR leaf ambient     17145/65536      480060/1835008  (26.2%) 
HDR leaf ambient      7198/65536      201544/1835008  (11.0%) 
occluders                0/0               0/0        ( 0.0%) 
occluder polygons        0/0               0/0        ( 0.0%) 
occluder vert ind        0/0               0/0        ( 0.0%) 
detail props          [variable]           1/386616   ( 0.0%) 
dtl prp lght          [variable]           1/4        (25.0%) 
HDR dtl prp lght      [variable]           1/4        (25.0%) 
static props          [variable]           1/210448   ( 0.0%) 
pakfile               [variable]    13040124/0        ( 0.0%) 
physics               [variable]     2699552/4194304  (64.4%) 
physics terrain       [variable]       76491/1048576  ( 7.3%) 

Level flags = 1

Total triangle count: 72547
Writing y:\desktop\maps\trade_ngs_day_b7d.bsp
29 minutes, 7 seconds elapsed



[Reading texlights from 'lights.rad']
[56 texlights parsed from 'lights.rad']

Loading y:\desktop\maps\trade_ngs_day_b7d.bsp
Loaded alpha texture materials\models\props_foliage\pine_tree_large.vtf
Loaded alpha texture materials\models\props_foliage\tree_pine01.vtf
Loaded alpha texture materials\models\props_foliage\tree_pine01_snow.vtf
Loaded alpha texture materials\models\props_forest\shrub_03.vtf
24816 faces
7721203 square feet [1111853312.00 square inches]
175 Displacements
644436 Square Feet [92798784.00 Square Inches]
24816 patches before subdivision
410594 patches after subdivision
355 direct lights
0...1...2...3...4...5...6...7...8...9...100...1...2...3...4...5...6...7...8...9...10transfers 69665954, max 2019
transfer lists: 531.5 megs
0...1...2...3...4...5...6...7...8...9...10	Bounce #1 added RGB(1846378, 1575087, 1309318)
0...1...2...3...4...5...6...7...8...9...10	Bounce #2 added RGB(631422, 505249, 367116)
0...1...2...3...4...5...6...7...8...9...10	Bounce #3 added RGB(224424, 167781, 106484)
0...1...2...3...4...5...6...7...8...9...10	Bounce #4 added RGB(88355, 61836, 34065)
0...1...2...3...4...5...6...7...8...9...10	Bounce #5 added RGB(35778, 23441, 11248)
0...1...2...3...4...5...6...7...8...9...10	Bounce #6 added RGB(15069, 9252, 3857)
0...1...2...3...4...5...6...7...8...9...10	Bounce #7 added RGB(6486, 3737, 1357)
0...1...2...3...4...5...6...7...8...9...10	Bounce #8 added RGB(2860, 1548, 489)
0...1...2...3...4...5...6...7...8...9...10	Bounce #9 added RGB(1281, 652, 180)
0...1...2...3...4...5...6...7...8...9...10	Bounce #10 added RGB(585, 280, 67)
0...1...2...3...4...5...6...7...8...9...10	Bounce #11 added RGB(270, 122, 26)
0...1...2...3...4...5...6...7...8...9...10	Bounce #12 added RGB(126, 54, 10)
0...1...2...3...4...5...6...7...8...9...10	Bounce #13 added RGB(60, 24, 4)
0...1...2...3...4...5...6...7...8...9...10	Bounce #14 added RGB(28, 11, 2)
0...1...2...3...4...5...6...7...8...9...10	Bounce #15 added RGB(14, 5, 1)
0...1...2...3...4...5...6...7...8...9...10	Bounce #16 added RGB(7, 2, 0)
0...1...2...3...4...5...6...7...8...9...10	Bounce #17 added RGB(3, 1, 0)
0...1...2...3...4...5...6...7...8...9...10	Bounce #18 added RGB(2, 0, 0)
0...1...2...3...4...5...6...7...8...9...10	Bounce #19 added RGB(1, 0, 0)
Build Patch/Sample Hash Table(s).....Done<0.1226 sec>
0...1...2...3...4...5...6...7...8...9...10FinalLightFace Done
Computing detail prop lighting : 0...1...2...3...4...5...6...7...8...9...10
0 of 0 (0% of) surface lights went in leaf ambient cubes.
0...1...2...3...4...5...6...7...8...9...10Writing leaf ambient...done
Computing static prop lighting : 00...1...2...3...4...5...6...7...8...9...10
Ready to Finish

Object names       Objects/Maxobjs  Memory / Maxmem  Fullness 
------------       ---------------  ---------------  -------- 
models                 211/1024        10128/49152    (20.6%) 
brushes               6911/8192        82932/98304    (84.4%) VERY FULL!
brushsides           60713/65536      485704/524288   (92.6%) VERY FULL!
planes               37292/65536      745840/1310720  (56.9%) 
vertexes             46582/65536      558984/786432   (71.1%) 
nodes                 6986/65536      223552/2097152  (10.7%) 
texinfos              7516/12288      541152/884736   (61.2%) 
texdata                442/2048        14144/65536    (21.6%) 
dispinfos              175/0           30800/0        ( 0.0%) 
disp_verts           14175/0          283500/0        ( 0.0%) 
disp_tris            22400/0           44800/0        ( 0.0%) 
disp_lmsamples     1486568/0         1486568/0        ( 0.0%) 
faces                24816/65536     1389696/3670016  (37.9%) 
hdr faces            24816/65536     1389696/3670016  (37.9%) 
origfaces            18052/65536     1010912/3670016  (27.5%) 
leaves                7198/65536      230336/2097152  (11.0%) 
leaffaces            29576/65536       59152/131072   (45.1%) 
leafbrushes          12847/65536       25694/131072   (19.6%) 
areas                   36/256           288/2048     (14.1%) 
surfedges           195693/512000     782772/2048000  (38.2%) 
edges               125781/256000     503124/1024000  (49.1%) 
LDR worldlights        355/8192        31240/720896   ( 4.3%) 
HDR worldlights        355/8192        31240/720896   ( 4.3%) 
leafwaterdata            4/32768          48/393216   ( 0.0%) 
waterstrips           2765/32768       27650/327680   ( 8.4%) 
waterverts               0/65536           0/786432   ( 0.0%) 
waterindices         61008/65536      122016/131072   (93.1%) VERY FULL!
cubemapsamples          78/1024         1248/16384    ( 7.6%) 
overlays               242/512         85184/180224   (47.3%) 
LDR lightdata         [variable]    27722476/0        ( 0.0%) 
HDR lightdata         [variable]    27722476/0        ( 0.0%) 
visdata               [variable]      150323/16777216 ( 0.9%) 
entdata               [variable]      339527/393216   (86.3%) VERY FULL!
LDR ambient table     7198/65536       28792/262144   (11.0%) 
HDR ambient table     7198/65536       28792/262144   (11.0%) 
LDR leaf ambient     17145/65536      480060/1835008  (26.2%) 
HDR leaf ambient     17013/65536      476364/1835008  (26.0%) 
occluders                0/0               0/0        ( 0.0%) 
occluder polygons        0/0               0/0        ( 0.0%) 
occluder vert ind        0/0               0/0        ( 0.0%) 
detail props          [variable]           1/386616   ( 0.0%) 
dtl prp lght          [variable]           1/4        (25.0%) 
HDR dtl prp lght      [variable]           1/4        (25.0%) 
static props          [variable]           1/210448   ( 0.0%) 
pakfile               [variable]    26009334/0        ( 0.0%) 
physics               [variable]     2699552/4194304  (64.4%) 
physics terrain       [variable]       76491/1048576  ( 7.3%) 

Level flags = 3

Total triangle count: 72547
Writing y:\desktop\maps\trade_ngs_day_b7d.bsp
28 minutes, 39 seconds elapsed



materialPath: D:\Steam\steamapps\common\Team Fortress 2\tf\materials
Loading y:\desktop\maps\trade_ngs_day_b7d.vmf
ConVarRef mat_reduceparticles doesn't point to an existing ConVar
Patching WVT material: maps/trade_ngs_day_b7d/nature/blendgroundtograss007_nodetail_wvt_patch
Patching WVT material: maps/trade_ngs_day_b7d/nature/blendgroundtograss007_wvt_patch
Patching WVT material: maps/trade_ngs_day_b7d/nature/junglerockwallgrass001_blend_wvt_patch
Patching WVT material: maps/trade_ngs_day_b7d/nature/blendgroundtograss008_wvt_patch
Patching WVT material: maps/trade_ngs_day_b7d/swamp/concrete/blendswampconcrete001_wvt_patch
fixing up env_cubemap materials on brush sides...
0...1...2...3...4...5...6...7...8...9...100...1...2...3...4...5...6...7...8...9...10Processing areas...done (0)
Building Faces...done (0)
Chop Details...done (1)
Find Visible Detail Sides...
Merged 3656 detail faces...done (2)
Merging details...done (0)
FixTjuncs...
PruneNodes...
WriteBSP...
done (2)
writing y:\desktop\maps\trade_ngs_day_b7d.prt...Building visibility clusters...
done (0)
*** Error: Skybox vtf files for skybox/sky_trainyard_01 weren't compiled with the same size texture and/or same flags!
Can't load skybox file skybox/sky_trainyard_01 to build the default cubemap!
*** Error: Skybox vtf files for skybox/sky_trainyard_01 weren't compiled with the same size texture and/or same flags!
Can't load skybox file skybox/sky_trainyard_01 to build the default cubemap!
Finding displacement neighbors...
Finding lightmap sample positions...
Displacement Alpha : 0...1...2...3...4...5...6...7...8...9...10
Building Physics collision data...
done (1) (2784311 bytes)
Placing detail props : 0...1...2...3...4...5...6...7...8...9...10
Compacting texture/material tables...
Reduced 11950 texinfos to 7592
Reduced 512 texdatas to 452 (21453 bytes to 18585)
Writing y:\desktop\maps\trade_ngs_day_b7d.bsp
Wrote ZIP buffer, estimated size 125932, actual size 92218
23 seconds elapsed



16 threads
reading y:\desktop\maps\trade_ngs_day_b7d.bsp
reading y:\desktop\maps\trade_ngs_day_b7d.prt
 978 portalclusters
2163 numportals
0...1...2...3...4...5...6...7...8...9...100...1...2...3...4...5...6...7...8...9...10Optimized: 530 visible clusters (0.27%)
Total clusters visible: 197962
Average clusters visible: 202
Building PAS...
Average clusters audible: 427
visdatasize:150669  compressed from 250368
writing y:\desktop\maps\trade_ngs_day_b7d.bsp
2 seconds elapsed



[Reading texlights from 'lights.rad']
[56 texlights parsed from 'lights.rad']

Loading y:\desktop\maps\trade_ngs_day_b7d.bsp
Loaded alpha texture materials\models\props_foliage\pine_tree_large.vtf
Loaded alpha texture materials\models\props_foliage\tree_pine01.vtf
Loaded alpha texture materials\models\props_foliage\tree_pine01_snow.vtf
Loaded alpha texture materials\models\props_forest\shrub_03.vtf
25877 faces
8547250 square feet [1230803968.00 square inches]
176 Displacements
666736 Square Feet [96010048.00 Square Inches]
25877 patches before subdivision
488275 patches after subdivision
381 direct lights
0...1...2...3...4...5...6...7...8...9...100...1...2...3...4...5...6...7...8...9...10transfers 93702170, max 2019
transfer lists: 714.9 megs
0...1...2...3...4...5...6...7...8...9...10	Bounce #1 added RGB(2962906, 2710580, 2263166)
0...1...2...3...4...5...6...7...8...9...10	Bounce #2 added RGB(974393, 793807, 609870)
0...1...2...3...4...5...6...7...8...9...10	Bounce #3 added RGB(341499, 260763, 175842)
0...1...2...3...4...5...6...7...8...9...10	Bounce #4 added RGB(134638, 96508, 56586)
0...1...2...3...4...5...6...7...8...9...10	Bounce #5 added RGB(54515, 36713, 18821)
0...1...2...3...4...5...6...7...8...9...10	Bounce #6 added RGB(23008, 14566, 6501)
0...1...2...3...4...5...6...7...8...9...10	Bounce #7 added RGB(9904, 5903, 2301)
0...1...2...3...4...5...6...7...8...9...10	Bounce #8 added RGB(4369, 2453, 833)
0...1...2...3...4...5...6...7...8...9...10	Bounce #9 added RGB(1954, 1035, 307)
0...1...2...3...4...5...6...7...8...9...10	Bounce #10 added RGB(890, 445, 115)
0...1...2...3...4...5...6...7...8...9...10	Bounce #11 added RGB(409, 193, 44)
0...1...2...3...4...5...6...7...8...9...10	Bounce #12 added RGB(191, 85, 17)
0...1...2...3...4...5...6...7...8...9...10	Bounce #13 added RGB(90, 38, 7)
0...1...2...3...4...5...6...7...8...9...10	Bounce #14 added RGB(43, 17, 3)
0...1...2...3...4...5...6...7...8...9...10	Bounce #15 added RGB(20, 8, 1)
0...1...2...3...4...5...6...7...8...9...10	Bounce #16 added RGB(10, 3, 0)
0...1...2...3...4...5...6...7...8...9...10	Bounce #17 added RGB(5, 2, 0)
0...1...2...3...4...5...6...7...8...9...10	Bounce #18 added RGB(2, 1, 0)
0...1...2...3...4...5...6...7...8...9...10	Bounce #19 added RGB(1, 0, 0)
0...1...2...3...4...5...6...7...8...9...10	Bounce #20 added RGB(1, 0, 0)
Build Patch/Sample Hash Table(s).....Done<0.1710 sec>
0...1...2...3...4...5...6...7...8...9...10FinalLightFace Done
Computing detail prop lighting : 0...1...2...3...4...5...6...7...8...9...10
0 of 0 (0% of) surface lights went in leaf ambient cubes.
0...1...2...3...4...5...6...7...8...9...10Writing leaf ambient...done
Computing static prop lighting : 00...1...2...3...4...5...6...7...8...9...10
Ready to Finish

Object names       Objects/Maxobjs  Memory / Maxmem  Fullness 
------------       ---------------  ---------------  -------- 
models                 214/1024        10272/49152    (20.9%) 
brushes               7171/8192        86052/98304    (87.5%) VERY FULL!
brushsides           64620/65536      516960/524288   (98.6%) VERY FULL!
planes               43176/65536      863520/1310720  (65.9%) 
vertexes             48451/65536      581412/786432   (73.9%) 
nodes                 7497/65536      239904/2097152  (11.4%) 
texinfos              7592/12288      546624/884736   (61.8%) 
texdata                452/2048        14464/65536    (22.1%) 
dispinfos              176/0           30976/0        ( 0.0%) 
disp_verts           14256/0          285120/0        ( 0.0%) 
disp_tris            22528/0           45056/0        ( 0.0%) 
disp_lmsamples     1538552/0         1538552/0        ( 0.0%) 
faces                25877/65536     1449112/3670016  (39.5%) 
hdr faces                0/65536           0/3670016  ( 0.0%) 
origfaces            18338/65536     1026928/3670016  (28.0%) 
leaves                7712/65536      246784/2097152  (11.8%) 
leaffaces            30785/65536       61570/131072   (47.0%) 
leafbrushes          13537/65536       27074/131072   (20.7%) 
areas                   37/256           296/2048     (14.5%) 
surfedges           200995/512000     803980/2048000  (39.3%) 
edges               128820/256000     515280/1024000  (50.3%) 
LDR worldlights        381/8192        33528/720896   ( 4.7%) 
HDR worldlights          0/8192            0/720896   ( 0.0%) 
leafwaterdata            4/32768          48/393216   ( 0.0%) 
waterstrips           2796/32768       27960/327680   ( 8.5%) 
waterverts               0/65536           0/786432   ( 0.0%) 
waterindices         61419/65536      122838/131072   (93.7%) VERY FULL!
cubemapsamples          81/1024         1296/16384    ( 7.9%) 
overlays               242/512         85184/180224   (47.3%) 
LDR lightdata         [variable]    30613900/0        ( 0.0%) 
HDR lightdata         [variable]           0/0        ( 0.0%) 
visdata               [variable]      150669/16777216 ( 0.9%) 
entdata               [variable]      355372/393216   (90.4%) VERY FULL!
LDR ambient table     7712/65536       30848/262144   (11.8%) 
HDR ambient table     7712/65536       30848/262144   (11.8%) 
LDR leaf ambient     17881/65536      500668/1835008  (27.3%) 
HDR leaf ambient      7712/65536      215936/1835008  (11.8%) 
occluders                0/0               0/0        ( 0.0%) 
occluder polygons        0/0               0/0        ( 0.0%) 
occluder vert ind        0/0               0/0        ( 0.0%) 
detail props          [variable]           1/386616   ( 0.0%) 
dtl prp lght          [variable]           1/4        (25.0%) 
HDR dtl prp lght      [variable]           1/4        (25.0%) 
static props          [variable]           1/210730   ( 0.0%) 
pakfile               [variable]    13058752/0        ( 0.0%) 
physics               [variable]     2784311/4194304  (66.4%) 
physics terrain       [variable]       76544/1048576  ( 7.3%) 

Level flags = 1

Total triangle count: 74711
Writing y:\desktop\maps\trade_ngs_day_b7d.bsp
29 minutes, 49 seconds elapsed



[Reading texlights from 'lights.rad']
[56 texlights parsed from 'lights.rad']

Loading y:\desktop\maps\trade_ngs_day_b7d.bsp
Loaded alpha texture materials\models\props_foliage\pine_tree_large.vtf
Loaded alpha texture materials\models\props_foliage\tree_pine01.vtf
Loaded alpha texture materials\models\props_foliage\tree_pine01_snow.vtf
Loaded alpha texture materials\models\props_forest\shrub_03.vtf
25877 faces
8547250 square feet [1230803968.00 square inches]
176 Displacements
666736 Square Feet [96010048.00 Square Inches]
25877 patches before subdivision
488275 patches after subdivision
381 direct lights
0...1...2...3...4...5...6...7...8...9...100...1...2...3...4...5...6...7...8...9...10transfers 93702170, max 2019
transfer lists: 714.9 megs
0...1...2...3...4...5...6...7...8...9...10	Bounce #1 added RGB(1868611, 1733445, 1321819)
0...1...2...3...4...5...6...7...8...9...10	Bounce #2 added RGB(631501, 505362, 367128)
0...1...2...3...4...5...6...7...8...9...10	Bounce #3 added RGB(224420, 167779, 106483)
0...1...2...3...4...5...6...7...8...9...10	Bounce #4 added RGB(88354, 61835, 34064)
0...1...2...3...4...5...6...7...8...9...10	Bounce #5 added RGB(35777, 23440, 11247)
0...1...2...3...4...5...6...7...8...9...10	Bounce #6 added RGB(15069, 9252, 3857)
0...1...2...3...4...5...6...7...8...9...10	Bounce #7 added RGB(6486, 3737, 1357)
0...1...2...3...4...5...6...7...8...9...10	Bounce #8 added RGB(2860, 1548, 489)
0...1...2...3...4...5...6...7...8...9...10	Bounce #9 added RGB(1281, 652, 180)
0...1...2...3...4...5...6...7...8...9...10	Bounce #10 added RGB(585, 280, 67)
0...1...2...3...4...5...6...7...8...9...10	Bounce #11 added RGB(270, 122, 26)
0...1...2...3...4...5...6...7...8...9...10	Bounce #12 added RGB(126, 54, 10)
0...1...2...3...4...5...6...7...8...9...10	Bounce #13 added RGB(60, 24, 4)
0...1...2...3...4...5...6...7...8...9...10	Bounce #14 added RGB(28, 11, 2)
0...1...2...3...4...5...6...7...8...9...10	Bounce #15 added RGB(14, 5, 1)
0...1...2...3...4...5...6...7...8...9...10	Bounce #16 added RGB(7, 2, 0)
0...1...2...3...4...5...6...7...8...9...10	Bounce #17 added RGB(3, 1, 0)
0...1...2...3...4...5...6...7...8...9...10	Bounce #18 added RGB(2, 0, 0)
0...1...2...3...4...5...6...7...8...9...10	Bounce #19 added RGB(1, 0, 0)
Build Patch/Sample Hash Table(s).....Done<0.1709 sec>
0...1...2...3...4...5...6...7...8...9...10FinalLightFace Done
Computing detail prop lighting : 0...1...2...3...4...5...6...7...8...9...10
0 of 0 (0% of) surface lights went in leaf ambient cubes.
0...1...2...3...4...5...6...7...8...9...10Writing leaf ambient...done
Computing static prop lighting : 00...1...2...3...4...5...6...7...8...9...10
Ready to Finish

Object names       Objects/Maxobjs  Memory / Maxmem  Fullness 
------------       ---------------  ---------------  -------- 
models                 214/1024        10272/49152    (20.9%) 
brushes               7171/8192        86052/98304    (87.5%) VERY FULL!
brushsides           64620/65536      516960/524288   (98.6%) VERY FULL!
planes               43176/65536      863520/1310720  (65.9%) 
vertexes             48451/65536      581412/786432   (73.9%) 
nodes                 7497/65536      239904/2097152  (11.4%) 
texinfos              7592/12288      546624/884736   (61.8%) 
texdata                452/2048        14464/65536    (22.1%) 
dispinfos              176/0           30976/0        ( 0.0%) 
disp_verts           14256/0          285120/0        ( 0.0%) 
disp_tris            22528/0           45056/0        ( 0.0%) 
disp_lmsamples     1538552/0         1538552/0        ( 0.0%) 
faces                25877/65536     1449112/3670016  (39.5%) 
hdr faces            25877/65536     1449112/3670016  (39.5%) 
origfaces            18338/65536     1026928/3670016  (28.0%) 
leaves                7712/65536      246784/2097152  (11.8%) 
leaffaces            30785/65536       61570/131072   (47.0%) 
leafbrushes          13537/65536       27074/131072   (20.7%) 
areas                   37/256           296/2048     (14.5%) 
surfedges           200995/512000     803980/2048000  (39.3%) 
edges               128820/256000     515280/1024000  (50.3%) 
LDR worldlights        381/8192        33528/720896   ( 4.7%) 
HDR worldlights        381/8192        33528/720896   ( 4.7%) 
leafwaterdata            4/32768          48/393216   ( 0.0%) 
waterstrips           2796/32768       27960/327680   ( 8.5%) 
waterverts               0/65536           0/786432   ( 0.0%) 
waterindices         61419/65536      122838/131072   (93.7%) VERY FULL!
cubemapsamples          81/1024         1296/16384    ( 7.9%) 
overlays               242/512         85184/180224   (47.3%) 
LDR lightdata         [variable]    30613900/0        ( 0.0%) 
HDR lightdata         [variable]    30613900/0        ( 0.0%) 
visdata               [variable]      150669/16777216 ( 0.9%) 
entdata               [variable]      355372/393216   (90.4%) VERY FULL!
LDR ambient table     7712/65536       30848/262144   (11.8%) 
HDR ambient table     7712/65536       30848/262144   (11.8%) 
LDR leaf ambient     17881/65536      500668/1835008  (27.3%) 
HDR leaf ambient     17752/65536      497056/1835008  (27.1%) 
occluders                0/0               0/0        ( 0.0%) 
occluder polygons        0/0               0/0        ( 0.0%) 
occluder vert ind        0/0               0/0        ( 0.0%) 
detail props          [variable]           1/386616   ( 0.0%) 
dtl prp lght          [variable]           1/4        (25.0%) 
HDR dtl prp lght      [variable]           1/4        (25.0%) 
static props          [variable]           1/210730   ( 0.0%) 
pakfile               [variable]    26043534/0        ( 0.0%) 
physics               [variable]     2784311/4194304  (66.4%) 
physics terrain       [variable]       76544/1048576  ( 7.3%) 

Level flags = 3

Total triangle count: 74711
Writing y:\desktop\maps\trade_ngs_day_b7d.bsp
29 minutes, 28 seconds elapsed
